<?xml version="1.0" encoding="UTF-8"?>
<testng-results skipped="0" failed="0" ignored="0" total="1" passed="1">
  <reporter-output>
  </reporter-output>
  <suite name="Suite" duration-ms="28035" started-at="2018-11-27T09:07:59Z" finished-at="2018-11-27T09:08:27Z">
    <groups>
    </groups>
    <test name="Test" duration-ms="28035" started-at="2018-11-27T09:07:59Z" finished-at="2018-11-27T09:08:27Z">
      <class name="execution_engine.DriverScript1">
        <test-method status="PASS" signature="f()[pri:0, instance:execution_engine.DriverScript1@3551a94]" name="f" duration-ms="28017" started-at="2018-11-27T09:07:59Z" finished-at="2018-11-27T09:08:27Z">
          <reporter-output>
          </reporter-output>
        </test-method> <!-- f -->
      </class> <!-- execution_engine.DriverScript1 -->
    </test> <!-- Test -->
  </suite> <!-- Suite -->
</testng-results>
